import logging

logging.basicConfig(filename="logs/app.log",
                    level=logging.INFO,
                    format="%(asctime)s - %(levelname)s - %(message)s")

logging.info("Application started successfully.")
WARNING:werkzeug: * Debugger is active!
INFO:werkzeug: * Debugger PIN: 106-068-005
INFO:werkzeug: * Detected change in 'C:\\Users\\Yash Gupta\\OneDrive\\\u6587\u6863\\Programming\\Python\\Cryptominerdetector\\network_scanner.py', reloading
WARNING:werkzeug: * Debugger is active!
INFO:werkzeug: * Debugger PIN: 106-068-005
INFO:werkzeug: * Detected change in 'C:\\Users\\Yash Gupta\\OneDrive\\\u6587\u6863\\Programming\\Python\\Cryptominerdetector\\network_scanner.py', reloading
WARNING:werkzeug: * Debugger is active!
INFO:werkzeug: * Debugger PIN: 106-068-005
INFO:werkzeug: * Detected change in 'C:\\Users\\Yash Gupta\\OneDrive\\\u6587\u6863\\Programming\\Python\\Cryptominerdetector\\main.py', reloading
WARNING:werkzeug: * Debugger is active!
INFO:werkzeug: * Debugger PIN: 106-068-005
INFO:werkzeug: * Detected change in 'C:\\Users\\Yash Gupta\\OneDrive\\\u6587\u6863\\Programming\\Python\\Cryptominerdetector\\network_scanner.py', reloading
WARNING:werkzeug: * Debugger is active!
INFO:werkzeug: * Debugger PIN: 106-068-005
INFO:werkzeug: * Detected change in 'C:\\Users\\Yash Gupta\\OneDrive\\\u6587\u6863\\Programming\\Python\\Cryptominerdetector\\yara_scanner.py', reloading
WARNING:werkzeug: * Debugger is active!
INFO:werkzeug: * Debugger PIN: 106-068-005
INFO:werkzeug: * Detected change in 'C:\\Users\\Yash Gupta\\OneDrive\\\u6587\u6863\\Programming\\Python\\Cryptominerdetector\\process_monitor.py', reloading
WARNING:werkzeug: * Debugger is active!
INFO:werkzeug: * Debugger PIN: 106-068-005
INFO:werkzeug:[31m[1mWARNING: This is a development server. Do not use it in a production deployment. Use a production WSGI server instead.[0m
 * Running on http://127.0.0.1:5000
INFO:werkzeug:[33mPress CTRL+C to quit[0m
INFO:werkzeug: * Restarting with stat
WARNING:werkzeug: * Debugger is active!
INFO:werkzeug: * Debugger PIN: 106-068-005
INFO:werkzeug:[31m[1mWARNING: This is a development server. Do not use it in a production deployment. Use a production WSGI server instead.[0m
 * Running on http://127.0.0.1:5000
INFO:werkzeug:[33mPress CTRL+C to quit[0m
INFO:werkzeug: * Restarting with stat
WARNING:werkzeug: * Debugger is active!
INFO:werkzeug: * Debugger PIN: 106-068-005
INFO:werkzeug:[31m[1mWARNING: This is a development server. Do not use it in a production deployment. Use a production WSGI server instead.[0m
 * Running on http://127.0.0.1:5000
INFO:werkzeug:[33mPress CTRL+C to quit[0m
INFO:werkzeug: * Restarting with stat
WARNING:werkzeug: * Debugger is active!
INFO:werkzeug: * Debugger PIN: 106-068-005
INFO:werkzeug:[31m[1mWARNING: This is a development server. Do not use it in a production deployment. Use a production WSGI server instead.[0m
 * Running on http://127.0.0.1:5000
INFO:werkzeug:[33mPress CTRL+C to quit[0m
INFO:werkzeug: * Restarting with stat
WARNING:werkzeug: * Debugger is active!
INFO:werkzeug: * Debugger PIN: 106-068-005
INFO:werkzeug: * Detected change in 'C:\\Users\\Yash Gupta\\OneDrive\\\u6587\u6863\\Programming\\Python\\Cryptominerdetector\\main.py', reloading
INFO:werkzeug: * Restarting with stat
WARNING:werkzeug: * Debugger is active!
INFO:werkzeug: * Debugger PIN: 106-068-005
INFO:werkzeug:[31m[1mWARNING: This is a development server. Do not use it in a production deployment. Use a production WSGI server instead.[0m
 * Running on http://127.0.0.1:5000
INFO:werkzeug:[33mPress CTRL+C to quit[0m
INFO:werkzeug: * Restarting with stat
WARNING:werkzeug: * Debugger is active!
INFO:werkzeug: * Debugger PIN: 106-068-005
