2025-02-07 04:37:00,845 - INFO - [31m[1mWARNING: This is a development server. Do not use it in a production deployment. Use a production WSGI server instead.[0m
 * Running on http://127.0.0.1:5000
2025-02-07 04:37:00,846 - INFO - [33mPress CTRL+C to quit[0m
2025-02-07 04:37:00,847 - INFO -  * Restarting with stat
2025-02-07 04:37:01,060 - WARNING -  * Debugger is active!
2025-02-07 04:37:01,062 - INFO -  * Debugger PIN: 106-068-005
2025-02-07 04:37:21,976 - INFO - [31m[1mWARNING: This is a development server. Do not use it in a production deployment. Use a production WSGI server instead.[0m
 * Running on http://127.0.0.1:5000
2025-02-07 04:37:21,979 - INFO - [33mPress CTRL+C to quit[0m
2025-02-07 04:37:21,981 - INFO -  * Restarting with stat
2025-02-07 04:37:22,188 - WARNING -  * Debugger is active!
2025-02-07 04:37:22,190 - INFO -  * Debugger PIN: 106-068-005
2025-02-07 04:39:13,059 - INFO -  * Detected change in 'C:\\Users\\Yash Gupta\\OneDrive\\\u6587\u6863\\Programming\\Python\\Cryptominerdetector\\main.py', reloading
2025-02-07 04:39:13,141 - INFO -  * Restarting with stat
2025-02-07 04:39:13,404 - WARNING -  * Debugger is active!
2025-02-07 04:39:13,407 - INFO -  * Debugger PIN: 106-068-005
2025-02-07 04:39:40,677 - INFO -  * Detected change in 'C:\\Users\\Yash Gupta\\OneDrive\\\u6587\u6863\\Programming\\Python\\Cryptominerdetector\\network_scanner.py', reloading
2025-02-07 04:39:40,759 - INFO -  * Restarting with stat
2025-02-07 04:40:26,476 - INFO -  * Restarting with stat
2025-02-07 04:40:37,844 - INFO -  * Restarting with stat
2025-02-07 04:48:40,689 - INFO -  * Restarting with stat
